<?xml version="1.0" encoding="UTF-8"?>
<!-- Generated by org.testng.reporters.JUnitReportReporter -->
<testsuite skipped="0" hostname="IND-5CG9345HF0" name="com.qa.hs.tests.LoginTest" tests="2" failures="0" timestamp="27 Jun 2020 07:13:36 GMT" time="156.819" errors="0">
  <testcase name="loginTest" time="156.565" classname="com.qa.hs.tests.LoginTest"/>
  <testcase name="signUpTest" time="0.254" classname="com.qa.hs.tests.LoginTest"/>
</testsuite> <!-- com.qa.hs.tests.LoginTest -->
